  Model.cpp
c:\users\william\desktop\projectportfoliov\hardwareproject\model.cpp(218): warning C4018: '<': signed/unsigned mismatch
c:\program files (x86)\microsoft visual studio 14.0\vc\include\xmemory0(737): error C3074: an array cannot be initialized with a parenthesized initializer
  c:\program files (x86)\microsoft visual studio 14.0\vc\include\xmemory0(857): note: see reference to function template instantiation 'void std::allocator<_Ty>::construct<_Objty,float(&)[3]>(_Objty (*),float (&)[3])' being compiled
          with
          [
              _Ty=float [3],
              _Objty=float [3]
          ]
  c:\program files (x86)\microsoft visual studio 14.0\vc\include\xmemory0(857): note: see reference to function template instantiation 'void std::allocator<_Ty>::construct<_Objty,float(&)[3]>(_Objty (*),float (&)[3])' being compiled
          with
          [
              _Ty=float [3],
              _Objty=float [3]
          ]
  c:\program files (x86)\microsoft visual studio 14.0\vc\include\xmemory0(996): note: see reference to function template instantiation 'void std::allocator_traits<_Alloc>::construct<_Ty,float(&)[3]>(std::allocator<_Ty> &,_Objty (*),float (&)[3])' being compiled
          with
          [
              _Alloc=std::allocator<float [3]>,
              _Ty=float [3],
              _Objty=float [3]
          ]
  c:\program files (x86)\microsoft visual studio 14.0\vc\include\xmemory0(995): note: see reference to function template instantiation 'void std::allocator_traits<_Alloc>::construct<_Ty,float(&)[3]>(std::allocator<_Ty> &,_Objty (*),float (&)[3])' being compiled
          with
          [
              _Alloc=std::allocator<float [3]>,
              _Ty=float [3],
              _Objty=float [3]
          ]
  c:\program files (x86)\microsoft visual studio 14.0\vc\include\vector(1284): note: see reference to function template instantiation 'void std::_Wrap_alloc<std::allocator<_Ty>>::construct<_Ty,float(&)[3]>(_Ty (*),float (&)[3])' being compiled
          with
          [
              _Ty=float [3]
          ]
  c:\program files (x86)\microsoft visual studio 14.0\vc\include\vector(1283): note: see reference to function template instantiation 'void std::_Wrap_alloc<std::allocator<_Ty>>::construct<_Ty,float(&)[3]>(_Ty (*),float (&)[3])' being compiled
          with
          [
              _Ty=float [3]
          ]
  c:\program files (x86)\microsoft visual studio 14.0\vc\include\vector(1276): note: while compiling class template member function 'void std::vector<float [3],std::allocator<_Ty>>::push_back(const float (&)[3])'
          with
          [
              _Ty=float [3]
          ]
  c:\users\william\desktop\projectportfoliov\hardwareproject\model.cpp(155): note: see reference to function template instantiation 'void std::vector<float [3],std::allocator<_Ty>>::push_back(const float (&)[3])' being compiled
          with
          [
              _Ty=float [3]
          ]
  c:\users\william\desktop\projectportfoliov\hardwareproject\model.cpp(153): note: see reference to class template instantiation 'std::vector<float [3],std::allocator<_Ty>>' being compiled
          with
          [
              _Ty=float [3]
          ]
