c:\users\william\desktop\projectportfoliov\hardwareproject\debug\vc140.pdb
c:\users\william\desktop\projectportfoliov\hardwareproject\debug\vc140.idb
c:\users\william\desktop\projectportfoliov\hardwareproject\debug\main.obj
c:\users\william\desktop\projectportfoliov\hardwareproject\debug\model.obj
c:\users\william\desktop\projectportfoliov\hardwareproject\debug\xtime.obj
c:\users\william\desktop\projectportfoliov\hardwareproject\debug\scenerenderer.obj
c:\users\william\desktop\projectportfoliov\hardwareproject\pixelshader.csh
c:\users\william\desktop\projectportfoliov\debug\pixelshader.cso
c:\users\william\desktop\projectportfoliov\hardwareproject\vertexshader.csh
c:\users\william\desktop\projectportfoliov\debug\vertexshader.cso
c:\users\william\desktop\projectportfoliov\hardwareproject\trivial_ps.csh
c:\users\william\desktop\projectportfoliov\hardwareproject\trivial_vs.csh
c:\users\william\desktop\projectportfoliov\debug\trivial_ps.cso
c:\users\william\desktop\projectportfoliov\debug\trivial_vs.cso
c:\users\william\desktop\projectportfoliov\hardwareproject\debug\hardwareproject.tlog\cl.command.1.tlog
c:\users\william\desktop\projectportfoliov\hardwareproject\debug\hardwareproject.tlog\cl.read.1.tlog
c:\users\william\desktop\projectportfoliov\hardwareproject\debug\hardwareproject.tlog\cl.write.1.tlog
c:\users\william\desktop\projectportfoliov\hardwareproject\debug\hardwareproject.tlog\fxc.command.1.tlog
c:\users\william\desktop\projectportfoliov\hardwareproject\debug\hardwareproject.tlog\fxc.read.1.tlog
c:\users\william\desktop\projectportfoliov\hardwareproject\debug\hardwareproject.tlog\fxc.write.1.tlog
c:\users\william\desktop\projectportfoliov\hardwareproject\debug\hardwareproject.tlog\hardwareproject.write.1u.tlog
